<?xml version="1.0" encoding="UTF-8"?>
<!-- Generated by org.testng.reporters.JUnitXMLReporter -->
<testsuite hostname="DESKTOP-89OTHQ5" ignored="0" name="Firefox Test" tests="2" failures="1" timestamp="06 Sep 2020 10:55:23 GMT" time="78.537" errors="0">
  <testcase name="test01" time="4.252" classname="com.jbk.DemoTest"/>
  <testcase name="test02" time="0.026" classname="com.jbk.DemoTest">
    <failure type="java.lang.AssertionError" message="expected [JavaByKiran | Dashboard] but found [JavaByKiran | Log in]">
      <![CDATA[java.lang.AssertionError: expected [JavaByKiran | Dashboard] but found [JavaByKiran | Log in]
at com.jbk.DemoTest.test02(DemoTest.java:59)
at java.util.concurrent.FutureTask.run(FutureTask.java:266)
at java.util.concurrent.ThreadPoolExecutor.runWorker(ThreadPoolExecutor.java:1149)
at java.util.concurrent.ThreadPoolExecutor$Worker.run(ThreadPoolExecutor.java:624)
at java.lang.Thread.run(Thread.java:748)
... Removed 22 stack frames]]>
    </failure>
  </testcase> <!-- test02 -->
</testsuite> <!-- Firefox Test -->
